{"/Users/jamessimoes/Workspace/crud-bootstrap/src/App.js": {"path":"/Users/jamessimoes/Workspace/crud-bootstrap/src/App.js","statementMap":{"0":{"start":{"line":1,"column":0},"end":{"line":null,"column":-1}},"1":{"start":{"line":2,"column":0},"end":{"line":null,"column":-1}},"2":{"start":{"line":5,"column":15},"end":{"line":null,"column":-1}},"3":{"start":{"line":6,"column":2},"end":{"line":null,"column":-1}},"4":{"start":{"line":10,"column":2},"end":{"line":null,"column":-1}},"5":{"start":{"line":18,"column":0},"end":{"line":null,"column":-1}}},"fnMap":{"0":{"name":"App","decl":{"start":{"line":5,"column":1},"end":{"line":5,"column":14}},"loc":{"start":{"line":5,"column":15},"end":{"line":7,"column":2}}},"1":{"name":"(anonymous_8)","decl":{"start":{"line":12,"column":10},"end":{"line":12,"column":15}},"loc":{"start":{"line":12,"column":16},"end":{"line":10,"column":2}}}},"branchMap":{},"s":{"0":0,"1":0,"2":0,"3":0,"4":0,"5":0},"f":{"0":0,"1":0},"b":{}}
,"/Users/jamessimoes/Workspace/crud-bootstrap/src/Models/Pet.js": {"path":"/Users/jamessimoes/Workspace/crud-bootstrap/src/Models/Pet.js","statementMap":{"0":{"start":{"line":1,"column":0},"end":{"line":null,"column":-1}},"1":{"start":{"line":4,"column":15},"end":{"line":null,"column":-1}},"2":{"start":{"line":5,"column":16},"end":{"line":5,"column":2}},"3":{"start":{"line":28,"column":2},"end":{"line":null,"column":-1}}},"fnMap":{"0":{"name":"Pet","decl":{"start":{"line":4,"column":1},"end":{"line":4,"column":14}},"loc":{"start":{"line":4,"column":15},"end":{"line":25,"column":2}}}},"branchMap":{"0":{"loc":{"start":{"line":4,"column":15},"end":{"line":11,"column":7}},"type":"binary-expr","locations":[{"start":{"line":4,"column":15},"end":{"line":11,"column":7}},{"start":{"line":4,"column":15},"end":{"line":11,"column":7}}]},"1":{"loc":{"start":{"line":14,"column":9},"end":{"line":14,"column":8}},"type":"binary-expr","locations":[{"start":{"line":14,"column":9},"end":{"line":14,"column":8}},{"start":{"line":14,"column":34},"end":{"line":13,"column":5}}]}},"s":{"0":0,"1":0,"2":0,"3":0},"f":{"0":0},"b":{"0":[0,0],"1":[0,0]}}
,"/Users/jamessimoes/Workspace/crud-bootstrap/src/Models/Thing.js": {"path":"/Users/jamessimoes/Workspace/crud-bootstrap/src/Models/Thing.js","statementMap":{"0":{"start":{"line":1,"column":0},"end":{"line":null,"column":-1}},"1":{"start":{"line":2,"column":0},"end":{"line":null,"column":-1}},"2":{"start":{"line":5,"column":15},"end":{"line":null,"column":-1}},"3":{"start":{"line":6,"column":16},"end":{"line":6,"column":2}}},"fnMap":{"0":{"name":"Thing","decl":{"start":{"line":5,"column":1},"end":{"line":5,"column":14}},"loc":{"start":{"line":5,"column":15},"end":{"line":18,"column":2}}}},"branchMap":{"0":{"loc":{"start":{"line":5,"column":15},"end":{"line":15,"column":7}},"type":"binary-expr","locations":[{"start":{"line":5,"column":15},"end":{"line":15,"column":7}},{"start":{"line":5,"column":15},"end":{"line":15,"column":7}}]}},"s":{"0":0,"1":0,"2":0,"3":0},"f":{"0":0},"b":{"0":[0,0]}}
,"/Users/jamessimoes/Workspace/crud-bootstrap/src/lib/Crud.js": {"path":"/Users/jamessimoes/Workspace/crud-bootstrap/src/lib/Crud.js","statementMap":{"0":{"start":{"line":6,"column":2},"end":{"line":6,"column":19}},"1":{"start":{"line":8,"column":2},"end":{"line":8,"column":86}},"2":{"start":{"line":11,"column":2},"end":{"line":11,"column":77}},"3":{"start":{"line":12,"column":2},"end":{"line":12,"column":43}},"4":{"start":{"line":14,"column":2},"end":{"line":16,"column":3}},"5":{"start":{"line":15,"column":3},"end":{"line":15,"column":53}},"6":{"start":{"line":15,"column":35},"end":{"line":15,"column":51}},"7":{"start":{"line":18,"column":2},"end":{"line":20,"column":5}},"8":{"start":{"line":22,"column":2},"end":{"line":32,"column":3}},"9":{"start":{"line":23,"column":3},"end":{"line":23,"column":73}},"10":{"start":{"line":24,"column":3},"end":{"line":31,"column":6}},"11":{"start":{"line":25,"column":4},"end":{"line":25,"column":71}},"12":{"start":{"line":26,"column":4},"end":{"line":30,"column":7}},"13":{"start":{"line":27,"column":5},"end":{"line":29,"column":6}},"14":{"start":{"line":28,"column":6},"end":{"line":28,"column":71}},"15":{"start":{"line":36,"column":16},"end":{"line":38,"column":4}},"16":{"start":{"line":37,"column":3},"end":{"line":37,"column":35}},"17":{"start":{"line":40,"column":2},"end":{"line":40,"column":38}}},"fnMap":{"0":{"name":"(anonymous_0)","decl":{"start":{"line":5,"column":1},"end":{"line":5,"column":2}},"loc":{"start":{"line":5,"column":51},"end":{"line":33,"column":2}},"line":5},"1":{"name":"(anonymous_1)","decl":{"start":{"line":15,"column":28},"end":{"line":15,"column":29}},"loc":{"start":{"line":15,"column":35},"end":{"line":15,"column":51}},"line":15},"2":{"name":"(anonymous_2)","decl":{"start":{"line":24,"column":25},"end":{"line":24,"column":26}},"loc":{"start":{"line":24,"column":31},"end":{"line":31,"column":4}},"line":24},"3":{"name":"(anonymous_3)","decl":{"start":{"line":26,"column":35},"end":{"line":26,"column":36}},"loc":{"start":{"line":26,"column":44},"end":{"line":30,"column":5}},"line":26},"4":{"name":"(anonymous_4)","decl":{"start":{"line":35,"column":1},"end":{"line":35,"column":2}},"loc":{"start":{"line":35,"column":13},"end":{"line":41,"column":2}},"line":35},"5":{"name":"(anonymous_5)","decl":{"start":{"line":36,"column":33},"end":{"line":36,"column":34}},"loc":{"start":{"line":36,"column":38},"end":{"line":38,"column":3}},"line":36}},"branchMap":{"0":{"loc":{"start":{"line":5,"column":29},"end":{"line":5,"column":49}},"type":"default-arg","locations":[{"start":{"line":5,"column":47},"end":{"line":5,"column":49}}],"line":5},"1":{"loc":{"start":{"line":8,"column":15},"end":{"line":8,"column":77}},"type":"binary-expr","locations":[{"start":{"line":8,"column":15},"end":{"line":8,"column":32}},{"start":{"line":8,"column":36},"end":{"line":8,"column":77}}],"line":8},"2":{"loc":{"start":{"line":14,"column":2},"end":{"line":16,"column":3}},"type":"if","locations":[{"start":{"line":14,"column":2},"end":{"line":16,"column":3}},{"start":{"line":14,"column":2},"end":{"line":16,"column":3}}],"line":14},"3":{"loc":{"start":{"line":22,"column":2},"end":{"line":32,"column":3}},"type":"if","locations":[{"start":{"line":22,"column":2},"end":{"line":32,"column":3}},{"start":{"line":22,"column":2},"end":{"line":32,"column":3}}],"line":22},"4":{"loc":{"start":{"line":22,"column":6},"end":{"line":22,"column":33}},"type":"binary-expr","locations":[{"start":{"line":22,"column":6},"end":{"line":22,"column":10}},{"start":{"line":22,"column":14},"end":{"line":22,"column":33}}],"line":22},"5":{"loc":{"start":{"line":27,"column":5},"end":{"line":29,"column":6}},"type":"if","locations":[{"start":{"line":27,"column":5},"end":{"line":29,"column":6}},{"start":{"line":27,"column":5},"end":{"line":29,"column":6}}],"line":27}},"s":{"0":1,"1":1,"2":1,"3":1,"4":1,"5":0,"6":0,"7":1,"8":1,"9":1,"10":1,"11":0,"12":0,"13":0,"14":0,"15":1,"16":1,"17":1},"f":{"0":1,"1":0,"2":0,"3":0,"4":1,"5":1},"b":{"0":[0],"1":[1,0],"2":[0,1],"3":[1,0],"4":[1,1],"5":[0,0]},"_coverageSchema":"332fd63041d2c1bcb487cc26dd0d5f7d97098a6c","hash":"a18239802582d959737c1d7847d883e5969c2d12"}
,"/Users/jamessimoes/Workspace/crud-bootstrap/src/lib/bootstrap.js": {"path":"/Users/jamessimoes/Workspace/crud-bootstrap/src/lib/bootstrap.js","statementMap":{"0":{"start":{"line":7,"column":2},"end":{"line":7,"column":11}},"1":{"start":{"line":11,"column":2},"end":{"line":35,"column":5}},"2":{"start":{"line":12,"column":3},"end":{"line":12,"column":24}},"3":{"start":{"line":14,"column":3},"end":{"line":14,"column":35}},"4":{"start":{"line":17,"column":3},"end":{"line":19,"column":6}},"5":{"start":{"line":21,"column":3},"end":{"line":21,"column":85}},"6":{"start":{"line":22,"column":3},"end":{"line":34,"column":6}},"7":{"start":{"line":23,"column":4},"end":{"line":23,"column":57}},"8":{"start":{"line":25,"column":4},"end":{"line":27,"column":7}},"9":{"start":{"line":26,"column":5},"end":{"line":26,"column":41}},"10":{"start":{"line":29,"column":4},"end":{"line":33,"column":7}},"11":{"start":{"line":30,"column":5},"end":{"line":30,"column":34}},"12":{"start":{"line":30,"column":25},"end":{"line":30,"column":32}},"13":{"start":{"line":31,"column":5},"end":{"line":31,"column":86}},"14":{"start":{"line":32,"column":5},"end":{"line":32,"column":15}},"15":{"start":{"line":39,"column":2},"end":{"line":39,"column":18}}},"fnMap":{"0":{"name":"(anonymous_0)","decl":{"start":{"line":6,"column":1},"end":{"line":6,"column":2}},"loc":{"start":{"line":6,"column":15},"end":{"line":8,"column":2}},"line":6},"1":{"name":"(anonymous_1)","decl":{"start":{"line":10,"column":1},"end":{"line":10,"column":2}},"loc":{"start":{"line":10,"column":40},"end":{"line":36,"column":2}},"line":10},"2":{"name":"(anonymous_2)","decl":{"start":{"line":11,"column":21},"end":{"line":11,"column":22}},"loc":{"start":{"line":11,"column":34},"end":{"line":35,"column":3}},"line":11},"3":{"name":"(anonymous_3)","decl":{"start":{"line":22,"column":36},"end":{"line":22,"column":37}},"loc":{"start":{"line":22,"column":42},"end":{"line":34,"column":4}},"line":22},"4":{"name":"(anonymous_4)","decl":{"start":{"line":25,"column":22},"end":{"line":25,"column":23}},"loc":{"start":{"line":25,"column":42},"end":{"line":27,"column":5}},"line":25},"5":{"name":"(anonymous_5)","decl":{"start":{"line":29,"column":42},"end":{"line":29,"column":43}},"loc":{"start":{"line":29,"column":48},"end":{"line":33,"column":5}},"line":29},"6":{"name":"(anonymous_6)","decl":{"start":{"line":30,"column":20},"end":{"line":30,"column":21}},"loc":{"start":{"line":30,"column":25},"end":{"line":30,"column":32}},"line":30},"7":{"name":"(anonymous_7)","decl":{"start":{"line":38,"column":1},"end":{"line":38,"column":2}},"loc":{"start":{"line":38,"column":11},"end":{"line":40,"column":2}},"line":38}},"branchMap":{"0":{"loc":{"start":{"line":17,"column":20},"end":{"line":17,"column":72}},"type":"binary-expr","locations":[{"start":{"line":17,"column":20},"end":{"line":17,"column":36}},{"start":{"line":17,"column":40},"end":{"line":17,"column":72}}],"line":17},"1":{"loc":{"start":{"line":29,"column":20},"end":{"line":29,"column":40}},"type":"binary-expr","locations":[{"start":{"line":29,"column":20},"end":{"line":29,"column":32}},{"start":{"line":29,"column":36},"end":{"line":29,"column":40}}],"line":29},"2":{"loc":{"start":{"line":31,"column":61},"end":{"line":31,"column":81}},"type":"binary-expr","locations":[{"start":{"line":31,"column":61},"end":{"line":31,"column":73}},{"start":{"line":31,"column":77},"end":{"line":31,"column":81}}],"line":31}},"s":{"0":0,"1":0,"2":0,"3":0,"4":0,"5":0,"6":0,"7":0,"8":0,"9":0,"10":0,"11":0,"12":0,"13":0,"14":0,"15":0},"f":{"0":0,"1":0,"2":0,"3":0,"4":0,"5":0,"6":0,"7":0},"b":{"0":[0,0],"1":[0,0],"2":[0,0]},"_coverageSchema":"332fd63041d2c1bcb487cc26dd0d5f7d97098a6c","hash":"e909960d2ba7b909a34866ae06e39d029bb7b40a"}
,"/Users/jamessimoes/Workspace/crud-bootstrap/src/lib/utils/routes.js": {"path":"/Users/jamessimoes/Workspace/crud-bootstrap/src/lib/utils/routes.js","statementMap":{"0":{"start":{"line":3,"column":28},"end":{"line":99,"column":1}},"1":{"start":{"line":4,"column":13},"end":{"line":4,"column":26}},"2":{"start":{"line":6,"column":1},"end":{"line":6,"column":55}},"3":{"start":{"line":8,"column":1},"end":{"line":20,"column":4}},"4":{"start":{"line":9,"column":2},"end":{"line":19,"column":5}},"5":{"start":{"line":10,"column":3},"end":{"line":14,"column":4}},"6":{"start":{"line":11,"column":4},"end":{"line":13,"column":7}},"7":{"start":{"line":16,"column":3},"end":{"line":18,"column":6}},"8":{"start":{"line":22,"column":1},"end":{"line":34,"column":4}},"9":{"start":{"line":23,"column":2},"end":{"line":33,"column":5}},"10":{"start":{"line":24,"column":3},"end":{"line":28,"column":4}},"11":{"start":{"line":25,"column":4},"end":{"line":27,"column":7}},"12":{"start":{"line":30,"column":3},"end":{"line":32,"column":6}},"13":{"start":{"line":36,"column":1},"end":{"line":52,"column":4}},"14":{"start":{"line":37,"column":2},"end":{"line":39,"column":3}},"15":{"start":{"line":38,"column":3},"end":{"line":38,"column":23}},"16":{"start":{"line":41,"column":2},"end":{"line":51,"column":5}},"17":{"start":{"line":42,"column":3},"end":{"line":46,"column":4}},"18":{"start":{"line":43,"column":4},"end":{"line":45,"column":7}},"19":{"start":{"line":48,"column":3},"end":{"line":50,"column":6}},"20":{"start":{"line":54,"column":1},"end":{"line":78,"column":4}},"21":{"start":{"line":55,"column":2},"end":{"line":57,"column":3}},"22":{"start":{"line":56,"column":3},"end":{"line":56,"column":23}},"23":{"start":{"line":59,"column":2},"end":{"line":77,"column":5}},"24":{"start":{"line":62,"column":3},"end":{"line":66,"column":4}},"25":{"start":{"line":63,"column":4},"end":{"line":65,"column":7}},"26":{"start":{"line":68,"column":3},"end":{"line":72,"column":4}},"27":{"start":{"line":69,"column":4},"end":{"line":71,"column":7}},"28":{"start":{"line":74,"column":3},"end":{"line":76,"column":6}},"29":{"start":{"line":80,"column":1},"end":{"line":98,"column":4}},"30":{"start":{"line":81,"column":2},"end":{"line":97,"column":5}},"31":{"start":{"line":82,"column":3},"end":{"line":86,"column":4}},"32":{"start":{"line":83,"column":4},"end":{"line":85,"column":7}},"33":{"start":{"line":88,"column":3},"end":{"line":92,"column":4}},"34":{"start":{"line":89,"column":4},"end":{"line":91,"column":7}},"35":{"start":{"line":94,"column":3},"end":{"line":96,"column":6}}},"fnMap":{"0":{"name":"(anonymous_0)","decl":{"start":{"line":3,"column":28},"end":{"line":3,"column":29}},"loc":{"start":{"line":3,"column":52},"end":{"line":99,"column":1}},"line":3},"1":{"name":"(anonymous_1)","decl":{"start":{"line":8,"column":30},"end":{"line":8,"column":31}},"loc":{"start":{"line":8,"column":44},"end":{"line":20,"column":2}},"line":8},"2":{"name":"(anonymous_2)","decl":{"start":{"line":9,"column":40},"end":{"line":9,"column":41}},"loc":{"start":{"line":9,"column":55},"end":{"line":19,"column":3}},"line":9},"3":{"name":"(anonymous_3)","decl":{"start":{"line":22,"column":26},"end":{"line":22,"column":27}},"loc":{"start":{"line":22,"column":40},"end":{"line":34,"column":2}},"line":22},"4":{"name":"(anonymous_4)","decl":{"start":{"line":23,"column":25},"end":{"line":23,"column":26}},"loc":{"start":{"line":23,"column":40},"end":{"line":33,"column":3}},"line":23},"5":{"name":"(anonymous_5)","decl":{"start":{"line":36,"column":27},"end":{"line":36,"column":28}},"loc":{"start":{"line":36,"column":41},"end":{"line":52,"column":2}},"line":36},"6":{"name":"(anonymous_6)","decl":{"start":{"line":41,"column":33},"end":{"line":41,"column":34}},"loc":{"start":{"line":41,"column":48},"end":{"line":51,"column":3}},"line":41},"7":{"name":"(anonymous_7)","decl":{"start":{"line":54,"column":30},"end":{"line":54,"column":31}},"loc":{"start":{"line":54,"column":44},"end":{"line":78,"column":2}},"line":54},"8":{"name":"(anonymous_8)","decl":{"start":{"line":61,"column":5},"end":{"line":61,"column":6}},"loc":{"start":{"line":61,"column":20},"end":{"line":77,"column":3}},"line":61},"9":{"name":"(anonymous_9)","decl":{"start":{"line":80,"column":33},"end":{"line":80,"column":34}},"loc":{"start":{"line":80,"column":47},"end":{"line":98,"column":2}},"line":80},"10":{"name":"(anonymous_10)","decl":{"start":{"line":81,"column":49},"end":{"line":81,"column":50}},"loc":{"start":{"line":81,"column":64},"end":{"line":97,"column":3}},"line":81}},"branchMap":{"0":{"loc":{"start":{"line":10,"column":3},"end":{"line":14,"column":4}},"type":"if","locations":[{"start":{"line":10,"column":3},"end":{"line":14,"column":4}},{"start":{"line":10,"column":3},"end":{"line":14,"column":4}}],"line":10},"1":{"loc":{"start":{"line":10,"column":7},"end":{"line":10,"column":19}},"type":"binary-expr","locations":[{"start":{"line":10,"column":7},"end":{"line":10,"column":10}},{"start":{"line":10,"column":14},"end":{"line":10,"column":19}}],"line":10},"2":{"loc":{"start":{"line":24,"column":3},"end":{"line":28,"column":4}},"type":"if","locations":[{"start":{"line":24,"column":3},"end":{"line":28,"column":4}},{"start":{"line":24,"column":3},"end":{"line":28,"column":4}}],"line":24},"3":{"loc":{"start":{"line":37,"column":2},"end":{"line":39,"column":3}},"type":"if","locations":[{"start":{"line":37,"column":2},"end":{"line":39,"column":3}},{"start":{"line":37,"column":2},"end":{"line":39,"column":3}}],"line":37},"4":{"loc":{"start":{"line":42,"column":3},"end":{"line":46,"column":4}},"type":"if","locations":[{"start":{"line":42,"column":3},"end":{"line":46,"column":4}},{"start":{"line":42,"column":3},"end":{"line":46,"column":4}}],"line":42},"5":{"loc":{"start":{"line":55,"column":2},"end":{"line":57,"column":3}},"type":"if","locations":[{"start":{"line":55,"column":2},"end":{"line":57,"column":3}},{"start":{"line":55,"column":2},"end":{"line":57,"column":3}}],"line":55},"6":{"loc":{"start":{"line":62,"column":3},"end":{"line":66,"column":4}},"type":"if","locations":[{"start":{"line":62,"column":3},"end":{"line":66,"column":4}},{"start":{"line":62,"column":3},"end":{"line":66,"column":4}}],"line":62},"7":{"loc":{"start":{"line":68,"column":3},"end":{"line":72,"column":4}},"type":"if","locations":[{"start":{"line":68,"column":3},"end":{"line":72,"column":4}},{"start":{"line":68,"column":3},"end":{"line":72,"column":4}}],"line":68},"8":{"loc":{"start":{"line":82,"column":3},"end":{"line":86,"column":4}},"type":"if","locations":[{"start":{"line":82,"column":3},"end":{"line":86,"column":4}},{"start":{"line":82,"column":3},"end":{"line":86,"column":4}}],"line":82},"9":{"loc":{"start":{"line":88,"column":3},"end":{"line":92,"column":4}},"type":"if","locations":[{"start":{"line":88,"column":3},"end":{"line":92,"column":4}},{"start":{"line":88,"column":3},"end":{"line":92,"column":4}}],"line":88}},"s":{"0":1,"1":0,"2":0,"3":0,"4":0,"5":0,"6":0,"7":0,"8":0,"9":0,"10":0,"11":0,"12":0,"13":0,"14":0,"15":0,"16":0,"17":0,"18":0,"19":0,"20":0,"21":0,"22":0,"23":0,"24":0,"25":0,"26":0,"27":0,"28":0,"29":0,"30":0,"31":0,"32":0,"33":0,"34":0,"35":0},"f":{"0":0,"1":0,"2":0,"3":0,"4":0,"5":0,"6":0,"7":0,"8":0,"9":0,"10":0},"b":{"0":[0,0],"1":[0,0],"2":[0,0],"3":[0,0],"4":[0,0],"5":[0,0],"6":[0,0],"7":[0,0],"8":[0,0],"9":[0,0]},"_coverageSchema":"332fd63041d2c1bcb487cc26dd0d5f7d97098a6c","hash":"37d20b14811953c575d7670e3d66f4ccd7a954b1"}
}
